<?xml version="1.0" encoding="UTF-8"?>
<!-- Generated by org.testng.reporters.JUnitXMLReporter -->
<testsuite hostname="krish" ignored="0" name="Default test" tests="3" failures="0" timestamp="2024-03-23T12:02:11 IST" time="39.235" errors="0">
  <testcase name="DataProvSampleTest" time="21.441" classname="datapro.dt"/>
  <testcase name="DataProvSampleTest" time="8.744" classname="datapro.dt"/>
  <testcase name="DataProvSampleTest" time="8.93" classname="datapro.dt"/>
</testsuite> <!-- Default test -->
