<?xml version="1.0" encoding="UTF-8"?>
<testng-results skipped="0" failed="0" ignored="0" total="3" passed="3">
  <reporter-output>
  </reporter-output>
  <suite name="Default suite" duration-ms="39235" started-at="2024-03-23T12:01:32 IST" finished-at="2024-03-23T12:02:11 IST">
    <groups>
    </groups>
    <test name="Default test" duration-ms="39235" started-at="2024-03-23T12:01:32 IST" finished-at="2024-03-23T12:02:11 IST">
      <class name="datapro.dt">
        <test-method status="PASS" signature="DataProvSampleTest(java.lang.String,java.lang.String,java.lang.String)[pri:0, instance:datapro.dt@3712b94]" name="DataProvSampleTest" duration-ms="21441" started-at="2024-03-23T12:01:32 IST" data-provider="dhivya" finished-at="2024-03-23T12:01:53 IST">
          <params>
            <param index="0">
              <value>
                <![CDATA[valid]]>
              </value>
            </param>
            <param index="1">
              <value>
                <![CDATA[Dhivyakarthi123]]>
              </value>
            </param>
            <param index="2">
              <value>
                <![CDATA[12345]]>
              </value>
            </param>
          </params>
          <reporter-output>
          </reporter-output>
        </test-method> <!-- DataProvSampleTest -->
        <test-method status="PASS" signature="DataProvSampleTest(java.lang.String,java.lang.String,java.lang.String)[pri:0, instance:datapro.dt@3712b94]" name="DataProvSampleTest" duration-ms="8744" started-at="2024-03-23T12:01:53 IST" data-provider="dhivya" finished-at="2024-03-23T12:02:02 IST">
          <params>
            <param index="0">
              <value>
                <![CDATA[invalid]]>
              </value>
            </param>
            <param index="1">
              <value>
                <![CDATA[DDD]]>
              </value>
            </param>
            <param index="2">
              <value>
                <![CDATA[555]]>
              </value>
            </param>
          </params>
          <reporter-output>
          </reporter-output>
        </test-method> <!-- DataProvSampleTest -->
        <test-method status="PASS" signature="DataProvSampleTest(java.lang.String,java.lang.String,java.lang.String)[pri:0, instance:datapro.dt@3712b94]" name="DataProvSampleTest" duration-ms="8930" started-at="2024-03-23T12:02:02 IST" data-provider="dhivya" finished-at="2024-03-23T12:02:11 IST">
          <params>
            <param index="0">
              <value>
                <![CDATA[in]]>
              </value>
            </param>
            <param index="1">
              <value>
                <![CDATA[DEEPA]]>
              </value>
            </param>
            <param index="2">
              <value>
                <![CDATA[3456]]>
              </value>
            </param>
          </params>
          <reporter-output>
          </reporter-output>
        </test-method> <!-- DataProvSampleTest -->
      </class> <!-- datapro.dt -->
    </test> <!-- Default test -->
  </suite> <!-- Default suite -->
</testng-results>
